<?xml version="1.0" encoding="UTF-8" ?>
<testsuite tests="8" failures="2" name="TestSuite" time="82.256" errors="0" skipped="1">
  <properties>
[...]
</properties>
  <testcase classname="com.fk.test.ExplorePlusTest" name="landOnCoinActivity" time="1.816"/>
  <testcase classname="com.fk.test.HomePageTest" name="verifydeals" time="0.09"/>
  <testcase classname="com.fk.test.HomePageTest" name="performSearch" time="8.654"/>
  <testcase classname="com.fk.test.HomePageTest" name="performSearch" time="8.585"/>
  <testcase classname="com.fk.test.HomePageTest" name="performSearch" time="34.944">
    <failure message="no such element: Unable to locate element: {&quot;method&quot;:&quot;xpath&quot;,&quot;selector&quot;:&quot;//span[contains(text(),&apos;iphone&apos;)]/parent::div[contains(string(),&apos;11.0&apos; )]&quot;}
  (Session info: chrome=83.0.4103.116)
For documentation on this error, please visit: https://www.seleniumhq.org/exceptions/no_such_element.html
Build info: version: &apos;3.141.59&apos;, revision: &apos;e82be7d358&apos;, time: &apos;2018-11-14T08:17:03&apos;
System info: host: &apos;LAPTOP-M1K018N6&apos;, ip: &apos;192.168.1.2&apos;, os.name: &apos;Windows 10&apos;, os.arch: &apos;amd64&apos;, os.version: &apos;10.0&apos;, java.version: &apos;1.8.0_251&apos;
Driver info: org.openqa.selenium.chrome.ChromeDriver
Capabilities {acceptInsecureCerts: false, browserName: chrome, browserVersion: 83.0.4103.116, chrome: {chromedriverVersion: 83.0.4103.39 (ccbf011cb2d2b..., userDataDir: C:\Users\avikc\AppData\Loca...}, goog:chromeOptions: {debuggerAddress: localhost:55627}, javascriptEnabled: true, networkConnectionEnabled: false, pageLoadStrategy: normal, platform: WINDOWS, platformName: WINDOWS, proxy: Proxy(), setWindowRect: true, strictFileInteractability: false, timeouts: {implicit: 0, pageLoad: 300000, script: 30000}, unhandledPromptBehavior: dismiss and notify, webauthn:virtualAuthenticators: true}
Session ID: 9cf34b2ef35f439a5c2d25afe7cd173b
*** Element info: {Using=xpath, value=//span[contains(text(),&apos;iphone&apos;)]/parent::div[contains(string(),&apos;11.0&apos; )]}" type="org.openqa.selenium.NoSuchElementException">org.openqa.selenium.NoSuchElementException: no such element: Unable to locate element: {&quot;method&quot;:&quot;xpath&quot;,&quot;selector&quot;:&quot;//span[contains(text(),&apos;iphone&apos;)]/parent::div[contains(string(),&apos;11.0&apos; )]&quot;}
  (Session info: chrome=83.0.4103.116)
For documentation on this error, please visit: https://www.seleniumhq.org/exceptions/no_such_element.html
Build info: version: &apos;3.141.59&apos;, revision: &apos;e82be7d358&apos;, time: &apos;2018-11-14T08:17:03&apos;
System info: host: &apos;LAPTOP-M1K018N6&apos;, ip: &apos;192.168.1.2&apos;, os.name: &apos;Windows 10&apos;, os.arch: &apos;amd64&apos;, os.version: &apos;10.0&apos;, java.version: &apos;1.8.0_251&apos;
Driver info: org.openqa.selenium.chrome.ChromeDriver
Capabilities {acceptInsecureCerts: false, browserName: chrome, browserVersion: 83.0.4103.116, chrome: {chromedriverVersion: 83.0.4103.39 (ccbf011cb2d2b..., userDataDir: C:\Users\avikc\AppData\Loca...}, goog:chromeOptions: {debuggerAddress: localhost:55627}, javascriptEnabled: true, networkConnectionEnabled: false, pageLoadStrategy: normal, platform: WINDOWS, platformName: WINDOWS, proxy: Proxy(), setWindowRect: true, strictFileInteractability: false, timeouts: {implicit: 0, pageLoad: 300000, script: 30000}, unhandledPromptBehavior: dismiss and notify, webauthn:virtualAuthenticators: true}
Session ID: 9cf34b2ef35f439a5c2d25afe7cd173b
*** Element info: {Using=xpath, value=//span[contains(text(),&apos;iphone&apos;)]/parent::div[contains(string(),&apos;11.0&apos; )]}
	at sun.reflect.NativeConstructorAccessorImpl.newInstance0(Native Method)
	at sun.reflect.NativeConstructorAccessorImpl.newInstance(NativeConstructorAccessorImpl.java:62)
	at sun.reflect.DelegatingConstructorAccessorImpl.newInstance(DelegatingConstructorAccessorImpl.java:45)
	at java.lang.reflect.Constructor.newInstance(Constructor.java:423)
	at org.openqa.selenium.remote.http.W3CHttpResponseCodec.createException(W3CHttpResponseCodec.java:187)
	at org.openqa.selenium.remote.http.W3CHttpResponseCodec.decode(W3CHttpResponseCodec.java:122)
	at org.openqa.selenium.remote.http.W3CHttpResponseCodec.decode(W3CHttpResponseCodec.java:49)
	at org.openqa.selenium.remote.HttpCommandExecutor.execute(HttpCommandExecutor.java:158)
	at org.openqa.selenium.remote.service.DriverCommandExecutor.execute(DriverCommandExecutor.java:83)
	at org.openqa.selenium.remote.RemoteWebDriver.execute(RemoteWebDriver.java:552)
	at org.openqa.selenium.remote.RemoteWebDriver.findElement(RemoteWebDriver.java:323)
	at org.openqa.selenium.remote.RemoteWebDriver.findElementByXPath(RemoteWebDriver.java:428)
	at org.openqa.selenium.By$ByXPath.findElement(By.java:353)
	at org.openqa.selenium.remote.RemoteWebDriver.findElement(RemoteWebDriver.java:315)
	at sun.reflect.GeneratedMethodAccessor2.invoke(Unknown Source)
	at sun.reflect.DelegatingMethodAccessorImpl.invoke(DelegatingMethodAccessorImpl.java:43)
	at java.lang.reflect.Method.invoke(Method.java:498)
	at org.openqa.selenium.support.events.EventFiringWebDriver.lambda$new$1(EventFiringWebDriver.java:105)
	at com.sun.proxy.$Proxy6.findElement(Unknown Source)
	at org.openqa.selenium.support.events.EventFiringWebDriver.findElement(EventFiringWebDriver.java:194)
	at com.fk.pages.HomePage.performSearch(HomePage.java:58)
	at com.fk.test.HomePageTest.performSearch(HomePageTest.java:62)
</failure>
    <system-out>Before navigating to: &apos;https://www.flipkart.com/&apos;
Navigated to:&apos;https://www.flipkart.com/&apos;
Trying to find Element By : By.xpath: //span[contains(text(),&apos;Enter Email/Mobile number&apos;)]/../..//input
Found Element By : By.xpath: //span[contains(text(),&apos;Enter Email/Mobile number&apos;)]/../..//input
Trying to find Element By : By.xpath: //input[@type=&apos;password&apos;]
Found Element By : By.xpath: //input[@type=&apos;password&apos;]
Trying to find Element By : By.xpath: //span[contains(text(),&apos;Login&apos;)]/parent::button[@type=&apos;submit&apos;]
Found Element By : By.xpath: //span[contains(text(),&apos;Login&apos;)]/parent::button[@type=&apos;submit&apos;]
Trying to click on: [[ChromeDriver: chrome on WINDOWS (9cf34b2ef35f439a5c2d25afe7cd173b)] -&gt; xpath: //span[contains(text(),&apos;Login&apos;)]/parent::button[@type=&apos;submit&apos;]]
Clicked on: [[ChromeDriver: chrome on WINDOWS (9cf34b2ef35f439a5c2d25afe7cd173b)] -&gt; xpath: //span[contains(text(),&apos;Login&apos;)]/parent::button[@type=&apos;submit&apos;]]
Trying to find Element By : By.xpath: //input[@name =&apos;q&apos;]
Found Element By : By.xpath: //input[@name =&apos;q&apos;]
Trying to find Element By : By.xpath: //span[contains(text(),&apos;iphone&apos;)]/parent::div[contains(string(),&apos;11.0&apos; )]
Exception occured: org.openqa.selenium.NoSuchElementException: no such element: Unable to locate element: {&quot;method&quot;:&quot;xpath&quot;,&quot;selector&quot;:&quot;//span[contains(text(),&apos;iphone&apos;)]/parent::div[contains(string(),&apos;11.0&apos; )]&quot;}
  (Session info: chrome=83.0.4103.116)
For documentation on this error, please visit: https://www.seleniumhq.org/exceptions/no_such_element.html
Build info: version: &apos;3.141.59&apos;, revision: &apos;e82be7d358&apos;, time: &apos;2018-11-14T08:17:03&apos;
System info: host: &apos;LAPTOP-M1K018N6&apos;, ip: &apos;192.168.1.2&apos;, os.name: &apos;Windows 10&apos;, os.arch: &apos;amd64&apos;, os.version: &apos;10.0&apos;, java.version: &apos;1.8.0_251&apos;
Driver info: org.openqa.selenium.chrome.ChromeDriver
Capabilities {acceptInsecureCerts: false, browserName: chrome, browserVersion: 83.0.4103.116, chrome: {chromedriverVersion: 83.0.4103.39 (ccbf011cb2d2b..., userDataDir: C:\Users\avikc\AppData\Loca...}, goog:chromeOptions: {debuggerAddress: localhost:55627}, javascriptEnabled: true, networkConnectionEnabled: false, pageLoadStrategy: normal, platform: WINDOWS, platformName: WINDOWS, proxy: Proxy(), setWindowRect: true, strictFileInteractability: false, timeouts: {implicit: 0, pageLoad: 300000, script: 30000}, unhandledPromptBehavior: dismiss and notify, webauthn:virtualAuthenticators: true}
Session ID: 9cf34b2ef35f439a5c2d25afe7cd173b
*** Element info: {Using=xpath, value=//span[contains(text(),&apos;iphone&apos;)]/parent::div[contains(string(),&apos;11.0&apos; )]}
</system-out>
    <system-err>Starting ChromeDriver 83.0.4103.39 (ccbf011cb2d2b19b506d844400483861342c20cd-refs/branch-heads/4103@{#416}) on port 45652
Only local connections are allowed.
Please see https://chromedriver.chromium.org/security-considerations for suggestions on keeping ChromeDriver safe.
ChromeDriver was started successfully.
Jun 30, 2020 4:41:18 PM org.openqa.selenium.remote.ProtocolHandshake createSession
INFO: Detected dialect: W3C
</system-err>
  </testcase>
  <testcase classname="com.fk.test.HomePageTest" name="verifyExplorePlus" time="1.182"/>
  <testcase classname="com.fk.test.SearchPageTest" name="setup" time="13.492">
    <failure message="Keys to send should be a not null CharSequence" type="java.lang.IllegalArgumentException">java.lang.IllegalArgumentException: Keys to send should be a not null CharSequence
	at org.openqa.selenium.remote.RemoteWebElement.sendKeys(RemoteWebElement.java:97)
	at sun.reflect.GeneratedMethodAccessor5.invoke(Unknown Source)
	at sun.reflect.DelegatingMethodAccessorImpl.invoke(DelegatingMethodAccessorImpl.java:43)
	at java.lang.reflect.Method.invoke(Method.java:498)
	at org.openqa.selenium.support.events.EventFiringWebDriver$EventFiringWebElement.lambda$new$0(EventFiringWebDriver.java:404)
	at com.sun.proxy.$Proxy11.sendKeys(Unknown Source)
	at org.openqa.selenium.support.events.EventFiringWebDriver$EventFiringWebElement.sendKeys(EventFiringWebDriver.java:429)
	at sun.reflect.GeneratedMethodAccessor5.invoke(Unknown Source)
	at sun.reflect.DelegatingMethodAccessorImpl.invoke(DelegatingMethodAccessorImpl.java:43)
	at java.lang.reflect.Method.invoke(Method.java:498)
	at org.openqa.selenium.support.pagefactory.internal.LocatingElementHandler.invoke(LocatingElementHandler.java:51)
	at com.sun.proxy.$Proxy10.sendKeys(Unknown Source)
	at com.fk.pages.HomePage.performSearch(HomePage.java:55)
	at com.fk.test.SearchPageTest.setup(SearchPageTest.java:31)
</failure>
    <system-out>Before navigating to: &apos;https://www.flipkart.com/&apos;
Navigated to:&apos;https://www.flipkart.com/&apos;
Trying to find Element By : By.xpath: //span[contains(text(),&apos;Enter Email/Mobile number&apos;)]/../..//input
Found Element By : By.xpath: //span[contains(text(),&apos;Enter Email/Mobile number&apos;)]/../..//input
Trying to find Element By : By.xpath: //input[@type=&apos;password&apos;]
Found Element By : By.xpath: //input[@type=&apos;password&apos;]
Trying to find Element By : By.xpath: //span[contains(text(),&apos;Login&apos;)]/parent::button[@type=&apos;submit&apos;]
Found Element By : By.xpath: //span[contains(text(),&apos;Login&apos;)]/parent::button[@type=&apos;submit&apos;]
Trying to click on: [[ChromeDriver: chrome on WINDOWS (29bfceee6dd67d6b64cef7865265483f)] -&gt; xpath: //span[contains(text(),&apos;Login&apos;)]/parent::button[@type=&apos;submit&apos;]]
Clicked on: [[ChromeDriver: chrome on WINDOWS (29bfceee6dd67d6b64cef7865265483f)] -&gt; xpath: //span[contains(text(),&apos;Login&apos;)]/parent::button[@type=&apos;submit&apos;]]
Trying to find Element By : By.xpath: //input[@name =&apos;q&apos;]
Found Element By : By.xpath: //input[@name =&apos;q&apos;]
Exception occured: java.lang.IllegalArgumentException: Keys to send should be a not null CharSequence
</system-out>
    <system-err>Starting ChromeDriver 83.0.4103.39 (ccbf011cb2d2b19b506d844400483861342c20cd-refs/branch-heads/4103@{#416}) on port 17014
Only local connections are allowed.
Please see https://chromedriver.chromium.org/security-considerations for suggestions on keeping ChromeDriver safe.
ChromeDriver was started successfully.
Jun 30, 2020 4:42:13 PM org.openqa.selenium.remote.ProtocolHandshake createSession
INFO: Detected dialect: W3C
</system-err>
  </testcase>
  <testcase classname="com.fk.test.SearchPageTest" name="verifyShowingText" time="13.493">
    <skipped/>
  </testcase>
</testsuite>